# There is insufficient memory for the Java Runtime Environment to continue.
# Native memory allocation (malloc) failed to allocate 78016 bytes for Chunk::new
# Possible reasons:
#   The system is out of physical RAM or swap space
#   In 32 bit mode, the process size limit was hit
# Possible solutions:
#   Reduce memory load on the system
#   Increase physical memory or swap space
#   Check if swap backing store is full
#   Use 64 bit Java on a 64 bit OS
#   Decrease Java heap size (-Xmx/-Xms)
#   Decrease number of Java threads
#   Decrease Java thread stack sizes (-Xss)
#   Set larger code cache with -XX:ReservedCodeCacheSize=
# This output file may be truncated or incomplete.
#
#  Out of Memory Error (allocation.cpp:390), pid=8708, tid=9104
#
# JRE version: Java(TM) SE Runtime Environment (8.0_60-b27) (build 1.8.0_60-b27)
# Java VM: Java HotSpot(TM) 64-Bit Server VM (25.60-b23 mixed mode windows-amd64 compressed oops)
# Failed to write core dump. Minidumps are not enabled by default on client versions of Windows
#

---------------  T H R E A D  ---------------

Current thread (0x000000005661c800):  JavaThread "C2 CompilerThread1" daemon [_thread_in_native, id=9104, stack(0x0000000056ee0000,0x0000000056fe0000)]

Stack: [0x0000000056ee0000,0x0000000056fe0000]
[error occurred during error reporting (printing stack bounds), id 0xc0000005]

Native frames: (J=compiled Java code, j=interpreted, Vv=VM code, C=native code)


Current CompileTask:
C2:    896  131 %     4       java.lang.String::replace @ 20 (127 bytes)


---------------  P R O C E S S  ---------------

Java Threads: ( => current thread )
  0x00000000566b4800 JavaThread "Service Thread" daemon [_thread_blocked, id=2408, stack(0x00000000572a0000,0x00000000573a0000)]
  0x0000000056625000 JavaThread "C1 CompilerThread2" daemon [_thread_blocked, id=8240, stack(0x00000000570e0000,0x00000000571e0000)]
=>0x000000005661c800 JavaThread "C2 CompilerThread1" daemon [_thread_in_native, id=9104, stack(0x0000000056ee0000,0x0000000056fe0000)]
  0x00000000551bc000 JavaThread "C2 CompilerThread0" daemon [_thread_in_native, id=8532, stack(0x0000000056b60000,0x0000000056c60000)]
  0x0000000056608800 JavaThread "Attach Listener" daemon [_thread_blocked, id=6940, stack(0x0000000056ce0000,0x0000000056de0000)]
  0x00000000551ba000 JavaThread "Signal Dispatcher" daemon [_thread_blocked, id=8768, stack(0x0000000056a30000,0x0000000056b30000)]
  0x0000000055151800 JavaThread "Finalizer" daemon [_thread_blocked, id=4964, stack(0x00000000563e0000,0x00000000564e0000)]
  0x0000000055150000 JavaThread "Reference Handler" daemon [_thread_blocked, id=3984, stack(0x0000000056500000,0x0000000056600000)]
  0x000000000263e000 JavaThread "main" [_thread_in_Java, id=2332, stack(0x00000000027c0000,0x00000000028c0000)]

Other Threads:
  0x000000005514a800 VMThread [stack: 0x0000000056240000,0x0000000056340000] [id=5712]
  0x00000000566cb800 WatcherThread [stack: 0x00000000574d0000,0x00000000575d0000] [id=8388]

VM state:not at safepoint (normal execution)

VM Mutex/Monitor currently owned by a thread: None

Heap:
 PSYoungGen      total 37888K, used 9175K [0x00000000eab00000, 0x00000000ed500000, 0x0000000100000000)
  eden space 32768K, 28% used [0x00000000eab00000,0x00000000eb3f5dd8,0x00000000ecb00000)
  from space 5120K, 0% used [0x00000000ed000000,0x00000000ed000000,0x00000000ed500000)
  to   space 5120K, 0% used [0x00000000ecb00000,0x00000000ecb00000,0x00000000ed000000)
 ParOldGen       total 86016K, used 0K [0x00000000c0000000, 0x00000000c5400000, 0x00000000eab00000)
  object space 86016K, 0% used [0x00000000c0000000,0x00000000c0000000,0x00000000c5400000)
 Metaspace       used 3436K, capacity 4720K, committed 4864K, reserved 1056768K
  class space    used 374K, capacity 424K, committed 512K, reserved 1048576K

Card table byte_map: [0x0000000011d60000,0x0000000011f70000] byte_map_base: 0x0000000011760000

Marking Bits: (ParMarkBitMap*) 0x0000000062bfa5b0
 Begin Bits: [0x00000000125c0000, 0x00000000135c0000)
 End Bits:   [0x00000000135c0000, 0x00000000145c0000)

Polling page: 0x0000000000280000

CodeCache: size=245760Kb used=1341Kb max_used=1354Kb free=244418Kb
 bounds [0x00000000029a0000, 0x0000000002c10000, 0x00000000119a0000]
 total_blobs=376 nmethods=131 adapters=158
 compilation: enabled

Compilation events (10 events):
Event: 0.875 Thread 0x0000000056625000  128       3       com.android.dx.cf.direct.ClassPathOpener$3::compare (13 bytes)
Event: 0.875 Thread 0x00000000551bc000 nmethod 129 0x0000000002ae80d0 code [0x0000000002ae8200, 0x0000000002ae8298]
Event: 0.875 Thread 0x000000005661c800 nmethod 127 0x0000000002ae7d50 code [0x0000000002ae7ea0, 0x0000000002ae7f78]
Event: 0.875 Thread 0x0000000056625000 nmethod 128 0x0000000002af3290 code [0x0000000002af3420, 0x0000000002af3968]
Event: 0.875 Thread 0x00000000551bc000  130       4       java.util.regex.Matcher::reset (83 bytes)
Event: 0.876 Thread 0x000000005661c800  131 %     4       java.lang.String::replace @ 20 (127 bytes)
Event: 0.877 Thread 0x0000000056625000  132       3       com.android.dx.cf.direct.ClassPathOpener::compareClassNames (42 bytes)
Event: 0.877 Thread 0x0000000056625000 nmethod 132 0x0000000002af1e50 code [0x0000000002af20a0, 0x0000000002af2cc8]
Event: 0.878 Thread 0x00000000551bc000 nmethod 130 0x0000000002ae7910 code [0x0000000002ae7a60, 0x0000000002ae7b98]
Event: 0.878 Thread 0x00000000551bc000  133       4       java.util.regex.Pattern$BnM::optimize (179 bytes)

GC Heap History (0 events):
No events

Deoptimization events (0 events):
No events

Internal exceptions (2 events):
Event: 0.071 Thread 0x000000000263e000 Exception <a 'java/lang/NoSuchMethodError': Method sun.misc.Unsafe.defineClass(Ljava/lang/String;[BII)Ljava/lang/Class; name or signature does not match> (0x00000000eab13060) thrown at [C:\re\workspace\8-2-build-windows-amd64-cygwin\jdk8u60\4407\hotspot\sréÜW×F)²?
Event: 0.071 Thread 0x000000000263e000 Exception <a 'java/lang/NoSuchMethodError': Method sun.misc.Unsafe.prefetchRead(Ljava/lang/Object;J)V name or signature does not match> (0x00000000eab13348) thrown at [C:\re\workspace\8-2-build-windows-amd64-cygwin\jdk8u60\4407\hotspot\src\share\vm\prims\j

Events (10 events):
Event: 0.708 loading class java/util/regex/Pattern$SliceNode done
Event: 0.708 loading class java/util/regex/Pattern$Slice done
Event: 0.709 loading class java/util/regex/Pattern$BnM
Event: 0.709 loading class java/util/regex/Pattern$BnM done
Event: 0.709 loading class java/util/regex/Pattern$SliceS
Event: 0.709 loading class java/util/regex/Pattern$SliceS done
Event: 0.709 loading class java/util/regex/Matcher
Event: 0.709 loading class java/util/regex/MatchResult
Event: 0.709 loading class java/util/regex/MatchResult done
Event: 0.709 loading class java/util/regex/Matcher done


Dynamic libraries:
0x000000013f0d0000 - 0x000000013f107000 	C:\Program Files\Java\jdk1.8.0_60\bin\java.exe
0x0000000077740000 - 0x00000000778e9000 	C:\Windows\SYSTEM32\ntdll.dll
0x00000000773c0000 - 0x00000000774df000 	C:\Windows\system32\kernel32.dll
0x000007fefdc50000 - 0x000007fefdcbb000 	C:\Windows\system32\KERNELBASE.dll
0x000007fefe790000 - 0x000007fefe86b000 	C:\Windows\system32\ADVAPI32.dll
0x000007fefe0e0000 - 0x000007fefe17f000 	C:\Windows\system32\msvcrt.dll
0x000007feff850000 - 0x000007feff86f000 	C:\Windows\SYSTEM32\sechost.dll
0x000007fefe530000 - 0x000007fefe65d000 	C:\Windows\system32\RPCRT4.dll
0x0000000077640000 - 0x000000007773a000 	C:\Windows\system32\USER32.dll
0x000007fefdf70000 - 0x000007fefdfd7000 	C:\Windows\system32\GDI32.dll
0x000007fefe470000 - 0x000007fefe47e000 	C:\Windows\system32\LPK.dll
0x000007fefe010000 - 0x000007fefe0d9000 	C:\Windows\system32\USP10.dll
0x000007fefc4f0000 - 0x000007fefc6e4000 	C:\Windows\WinSxS\amd64_microsoft.windows.common-controls_6595b64144ccf1df_6.0.7601.17514_none_fa396087175ac9ac\COMCTL32.dll
0x000007feff780000 - 0x000007feff7f1000 	C:\Windows\system32\SHLWAPI.dll
0x000007fefdfe0000 - 0x000007fefe00e000 	C:\Windows\system32\IMM32.DLL
0x000007fefe680000 - 0x000007fefe789000 	C:\Windows\system32\MSCTF.dll
0x0000000180000000 - 0x000000018005a000 	C:\WINDOWS\System32\PopupWndBlocker64.dll
0x0000000077900000 - 0x0000000077907000 	C:\Windows\system32\PSAPI.DLL
0x000000006a710000 - 0x000000006a7e2000 	C:\Program Files\Java\jdk1.8.0_60\jre\bin\msvcr100.dll
0x00000000623f0000 - 0x0000000062c79000 	C:\Program Files\Java\jdk1.8.0_60\jre\bin\server\jvm.dll
0x000007fefbeb0000 - 0x000007fefbeb9000 	C:\Windows\system32\WSOCK32.dll
0x000007feff800000 - 0x000007feff84d000 	C:\Windows\system32\WS2_32.dll
0x000007fefe520000 - 0x000007fefe528000 	C:\Windows\system32\NSI.dll
0x000007fefae50000 - 0x000007fefae8b000 	C:\Windows\system32\WINMM.dll
0x000007fefcce0000 - 0x000007fefccec000 	C:\Windows\system32\VERSION.dll
0x00000000736b0000 - 0x00000000736bf000 	C:\Program Files\Java\jdk1.8.0_60\jre\bin\verify.dll
0x0000000073680000 - 0x00000000736a9000 	C:\Program Files\Java\jdk1.8.0_60\jre\bin\java.dll
0x0000000073660000 - 0x0000000073676000 	C:\Program Files\Java\jdk1.8.0_60\jre\bin\zip.dll
0x000007fefe870000 - 0x000007feff5f8000 	C:\Windows\system32\SHELL32.dll
0x000007fefe1e0000 - 0x000007fefe3e3000 	C:\Windows\system32\ole32.dll
0x000007fefdba0000 - 0x000007fefdbaf000 	C:\Windows\system32\profapi.dll

VM Arguments:
jvm_args: -Djava.awt.headless=true -Xmx1024M -Dfile.encoding=GBK -Duser.country=CN -Duser.language=zh -Duser.variant 
java_command: com.android.dx.command.Main --dex --num-threads=4 --output D:\AndroidStudioProjects\Stock\app\build\intermediates\pre-dexed\debug\internal_impl-23.1.1_0e0dfd4fcb0c913d96daa2d8ed3f48ffef404c50.jar D:\AndroidStudioProjects\Stock\app\build\intermediates\exploded-aar\com.android.support\support-v4\23.1.1\jars\libs\internal_impl-23.1.1.jar
java_class_path (initial): C:\Users\CWQ\AppData\Local\Android\android-sdk\build-tools\23.0.2\lib\dx.jar
Launcher Type: SUN_STANDARD

Environment Variables:
JAVA_HOME=C:\Program Files\Java\jdk1.8.0_60
CLASSPATH=.
PATH=C:\ProgramData\Oracle\Java\javapath;C:\Program Files (x86)\NVIDIA Corporation\PhysX\Common;C:\Program Files (x86)\Intel\iCLS Client\;C:\Program Files\Intel\iCLS Client\;C:\Windows\system32;C:\Windows;C:\Windows\System32\Wbem;C:\Windows\System32\WindowsPowerShell\v1.0\;C:\Program Files (x86)\Intel\OpenCL SDK\2.0\bin\x86;C:\Program Files (x86)\Intel\OpenCL SDK\2.0\bin\x64;C:\Program Files\Intel\Intel(R) Management Engine Components\DAL;C:\Program Files\Intel\Intel(R) Management Engine Components\IPT;C:\Program Files (x86)\Intel\Intel(R) Management Engine Components\DAL;C:\Program Files (x86)\Intel\Intel(R) Management Engine Components\IPT;C:\Program Files\IDM Computer Solutions\UltraEdit;C:\Program Files\Java\jdk1.8.0_60\bin;C:\Program Files\Java\jdk1.8.0_60\jre\bin;
USERNAME=CWQ
OS=Windows_NT
PROCESSOR_IDENTIFIER=Intel64 Family 6 Model 58 Stepping 9, GenuineIntel



---------------  S Y S T E M  ---------------

OS: Windows 7 , 64 bit Build 7601 (6.1.7601.17514)

CPU:total 4 (2 cores per cpu, 2 threads per core) family 6 model 58 stepping 9, cmov, cx8, fxsr, mmx, sse, sse2, sse3, ssse3, sse4.1, sse4.2, popcnt, avx, clmul, erms, ht, tsc, tscinvbit, tscinv

Memory: 4k page, physical 8202604k(1667428k free), swap 9249336k(4848k free)

vm_info: Java HotSpot(TM) 64-Bit Server VM (25.60-b23) for windows-amd64 JRE (1.8.0_60-b27), built on Aug  4 2015 11:06:27 by "java_re" with MS VC++ 10.0 (VS2010)

time: Sat Jul 09 16:26:32 2016
elapsed time: 0 seconds (0d 0h 0m 0s)

